#
# There is insufficient memory for the Java Runtime Environment to continue.
# Native memory allocation (mmap) failed to map 65536 bytes. Error detail: Failed to commit metaspace.
# Possible reasons:
#   The system is out of physical RAM or swap space
#   This process is running with CompressedOops enabled, and the Java Heap may be blocking the growth of the native heap
# Possible solutions:
#   Reduce memory load on the system
#   Increase physical memory or swap space
#   Check if swap backing store is full
#   Decrease Java heap size (-Xmx/-Xms)
#   Decrease number of Java threads
#   Decrease Java thread stack sizes (-Xss)
#   Set larger code cache with -XX:ReservedCodeCacheSize=
#   JVM is running with Zero Based Compressed Oops mode in which the Java heap is
#     placed in the first 32GB address space. The Java Heap base address is the
#     maximum limit for the native heap growth. Please use -XX:HeapBaseMinAddress
#     to set the Java Heap base and to place the Java Heap above 32GB virtual address.
# This output file may be truncated or incomplete.
#
#  Out of Memory Error (virtualSpaceNode.cpp:113), pid=20976, tid=38332
#
# JRE version: Java(TM) SE Runtime Environment (23.0.1+11) (build 23.0.1+11-39)
# Java VM: Java HotSpot(TM) 64-Bit Server VM (23.0.1+11-39, mixed mode, sharing, tiered, compressed oops, compressed class ptrs, g1 gc, windows-amd64)
# No core dump will be written. Minidumps are not enabled by default on client versions of Windows
#

---------------  S U M M A R Y ------------

Command Line: -Dfile.encoding=UTF-8 --enable-preview --module-path=D:\SEMESTER 3\PEMROGRAMAN KOMPUTER\campus-computer-programming-kasir\SambatKopi\build\classes main.LoginPage

Host: Intel(R) Core(TM) Ultra 5 125H, 18 cores, 15G,  Windows 11 , 64 bit Build 22621 (10.0.22621.4391)
Time: Sun Jan 12 16:17:29 2025 SE Asia Standard Time elapsed time: 0.221152 seconds (0d 0h 0m 0s)

---------------  T H R E A D  ---------------

Current thread (0x000002446eecf220):  JavaThread "main"             [_thread_in_vm, id=38332, stack(0x000000b189e00000,0x000000b189f00000) (1024K)]

Stack: [0x000000b189e00000,0x000000b189f00000]
Native frames: (J=compiled Java code, j=interpreted, Vv=VM code, C=native code)
V  [jvm.dll+0x6e08b9]  (no source info available)
V  [jvm.dll+0x87dc83]  (no source info available)
V  [jvm.dll+0x88010e]  (no source info available)
V  [jvm.dll+0x8807e3]  (no source info available)
V  [jvm.dll+0x27aee6]  (no source info available)
V  [jvm.dll+0x87988e]  (no source info available)
V  [jvm.dll+0x682035]  (no source info available)
V  [jvm.dll+0x68209a]  (no source info available)
V  [jvm.dll+0x6848da]  (no source info available)
V  [jvm.dll+0x2219dc]  (no source info available)
V  [jvm.dll+0x682a4e]  (no source info available)
V  [jvm.dll+0x68ce28]  (no source info available)
V  [jvm.dll+0x211fe1]  (no source info available)
V  [jvm.dll+0x21244a]  (no source info available)
V  [jvm.dll+0x212e71]  (no source info available)
V  [jvm.dll+0x20811e]  (no source info available)
V  [jvm.dll+0x5be6df]  (no source info available)
V  [jvm.dll+0x219b2b]  (no source info available)
V  [jvm.dll+0x7f3130]  (no source info available)
V  [jvm.dll+0x7f41d6]  (no source info available)
V  [jvm.dll+0x7f47e4]  (no source info available)
V  [jvm.dll+0x7f4468]  (no source info available)
V  [jvm.dll+0x2689cb]  (no source info available)
V  [jvm.dll+0x268bf6]  (no source info available)
V  [jvm.dll+0x5e1ea7]  (no source info available)
V  [jvm.dll+0x5e4f56]  (no source info available)
V  [jvm.dll+0x3d5bcd]  (no source info available)
V  [jvm.dll+0x3d51cd]  (no source info available)
C  0x0000024407469dd1  (no source info available)

The last pc belongs to invokestatic (printed below).
Java frames: (J=compiled Java code, j=interpreted, Vv=VM code)
j  javax.swing.plaf.nimbus.NimbusDefaults.initializeDefaults(Ljavax/swing/UIDefaults;)V+9211 java.desktop@23.0.1
j  javax.swing.plaf.nimbus.NimbusLookAndFeel.getDefaults()Ljavax/swing/UIDefaults;+38 java.desktop@23.0.1
j  javax.swing.UIManager.setLookAndFeel(Ljavax/swing/LookAndFeel;)V+66 java.desktop@23.0.1
j  javax.swing.UIManager.setLookAndFeel(Ljava/lang/String;)V+34 java.desktop@23.0.1
j  main.LoginPage.main([Ljava/lang/String;)V+38
v  ~StubRoutines::call_stub 0x0000024407450fcd
Lock stack of current Java thread (top to bottom):

invokestatic  184 invokestatic  [0x0000024407469d20, 0x000002440746a000]  736 bytes
[MachCode]
  0x0000024407469d20: 4883 ec08 | c5fa 1104 | 24eb 1f48 | 83ec 10c5 | fb11 0424 | eb14 4883 | ec10 4889 | 0424 48c7 
  0x0000024407469d40: 4424 0800 | 0000 00eb | 0150 488b | 4dd0 410f | b755 0148 | 8b49 306b | d218 488d | 4c11 080f 
  0x0000024407469d60: b659 1681 | fbb8 0000 | 000f 84bd | 0000 00bb | b800 0000 | e805 0000 | 00e9 9900 | 0000 488b 
  0x0000024407469d80: d348 8d44 | 2408 4c89 | 6dc0 498b | cfc5 f877 | 4989 afb0 | 0300 0049 | 8987 a003 | 0000 4883 
  0x0000024407469da0: ec20 40f6 | c40f 0f84 | 1900 0000 | 4883 ec08 | 48b8 6051 | d8c3 fc7f | 0000 ffd0 | 4883 c408 
  0x0000024407469dc0: e90c 0000 | 0048 b860 | 51d8 c3fc | 7f00 00ff | d048 83c4 | 2049 c787 | a003 0000 | 0000 0000 
  0x0000024407469de0: 49c7 87b0 | 0300 0000 | 0000 0049 | c787 a803 | 0000 0000 | 0000 c5f8 | 7749 837f | 0800 0f84 
  0x0000024407469e00: 0500 0000 | e9b7 70fe | ff4c 8b6d | c04c 8b75 | c84e 8d74 | f500 c348 | 8b4d d041 | 0fb7 5501 
  0x0000024407469e20: 488b 4930 | 6bd2 1848 | 8d4c 1108 | 488b 1948 | 8b5b 0848 | 8b5b 0848 | 8b5b 1880 | bb31 0100 
  0x0000024407469e40: 0004 0f84 | 0d00 0000 | 4c3b bb38 | 0100 000f | 851a ffff | ff0f b651 | 1548 8b19 | 4c89 6dc0 
  0x0000024407469e60: 448b ea0f | b651 1449 | ba60 3563 | c4fc 7f00 | 0049 8b14 | d252 418b | d54c 8b6d | c048 8b45 
  0x0000024407469e80: d848 85c0 | 0f84 1200 | 0000 4883 | 4008 0148 | 8358 0800 | 4883 c010 | 4889 45d8 | 488b 45d8 
  0x0000024407469ea0: 4885 c00f | 843d 0100 | 0080 78f0 | 0a0f 8533 | 0100 0048 | 83c0 084c | 8b68 f841 | 83ed 0041 
  0x0000024407469ec0: 83fd 020f | 8c12 0100 | 004c 8b6b | 0845 0fb7 | 6d2e 4c2b | 2841 83ed | 014e 8b6c | ec08 4d85 
  0x0000024407469ee0: ed75 0ef6 | 4008 0175 | 58f0 4883 | 4808 01eb | 5045 8b6d | 0849 ba00 | 0000 1244 | 0200 004d 
  0x0000024407469f00: 03ea 4d8b | d54c 3368 | 0849 f7c5 | fcff ffff | 742f 41f6 | c502 7529 | 4883 7808 | 0074 1e48 
  0x0000024407469f20: 8378 0801 | 7417 4d8b | ea4c 3368 | 0849 f7c5 | fcff ffff | 740b 4883 | 4808 02eb | 044c 8968 
  0x0000024407469f40: 0848 83c0 | 104c 8b68 | e841 83ed | 0241 83fd | 020f 8c84 | 0000 004c | 8b6b 0845 | 0fb7 6d2e 
  0x0000024407469f60: 4c2b 2841 | 83ed 014e | 8b6c ec08 | 4d85 ed75 | 0ef6 4008 | 0175 58f0 | 4883 4808 | 01eb 5045 
  0x0000024407469f80: 8b6d 0849 | ba00 0000 | 1244 0200 | 004d 03ea | 4d8b d54c | 3368 0849 | f7c5 fcff | ffff 742f 
  0x0000024407469fa0: 41f6 c502 | 7529 4883 | 7808 0074 | 1e48 8378 | 0801 7417 | 4d8b ea4c | 3368 0849 | f7c5 fcff 
  0x0000024407469fc0: ffff 740b | 4883 4808 | 02eb 044c | 8968 0848 | 83c0 104c | 8b68 d841 | 83ed 0441 | c1e5 0349 
  0x0000024407469fe0: 03c5 4889 | 45d8 4c8d | 6c24 0849 | 8bcd 482b | cd48 c1f9 | 0348 894d | f0ff 6350 | 0f1f 4000 
[/MachCode]

---------------  P R O C E S S  ---------------

Threads class SMR info:
_java_thread_list=0x00000244116cb190, length=17, elements={
0x000002446eecf220, 0x00000244112e04c0, 0x00000244112e13e0, 0x00000244112e42f0,
0x00000244112e6fc0, 0x00000244112e7fd0, 0x00000244112eaa40, 0x00000244112f3910,
0x00000244112f8fe0, 0x0000024411417190, 0x000002441141c4b0, 0x000002441141b040,
0x000002441141cb80, 0x0000024411550770, 0x00000244116a6f60, 0x00000244116a8e30,
0x00000244116ada80
}

Java Threads: ( => current thread )
=>0x000002446eecf220 JavaThread "main"                              [_thread_in_vm, id=38332, stack(0x000000b189e00000,0x000000b189f00000) (1024K)]
  0x00000244112e04c0 JavaThread "Reference Handler"          daemon [_thread_blocked, id=2272, stack(0x000000b18a600000,0x000000b18a700000) (1024K)]
  0x00000244112e13e0 JavaThread "Finalizer"                  daemon [_thread_blocked, id=35096, stack(0x000000b18a700000,0x000000b18a800000) (1024K)]
  0x00000244112e42f0 JavaThread "Signal Dispatcher"          daemon [_thread_blocked, id=10432, stack(0x000000b18a800000,0x000000b18a900000) (1024K)]
  0x00000244112e6fc0 JavaThread "Attach Listener"            daemon [_thread_blocked, id=30604, stack(0x000000b18a900000,0x000000b18aa00000) (1024K)]
  0x00000244112e7fd0 JavaThread "Service Thread"             daemon [_thread_blocked, id=2144, stack(0x000000b18aa00000,0x000000b18ab00000) (1024K)]
  0x00000244112eaa40 JavaThread "Monitor Deflation Thread"   daemon [_thread_blocked, id=9172, stack(0x000000b18ab00000,0x000000b18ac00000) (1024K)]
  0x00000244112f3910 JavaThread "C2 CompilerThread0"         daemon [_thread_blocked, id=9836, stack(0x000000b18ac00000,0x000000b18ad00000) (1024K)]
  0x00000244112f8fe0 JavaThread "C1 CompilerThread0"         daemon [_thread_blocked, id=10676, stack(0x000000b18ad00000,0x000000b18ae00000) (1024K)]
  0x0000024411417190 JavaThread "Common-Cleaner"             daemon [_thread_blocked, id=28768, stack(0x000000b18ae00000,0x000000b18af00000) (1024K)]
  0x000002441141c4b0 JavaThread "C1 CompilerThread1"         daemon [_thread_blocked, id=10144, stack(0x000000b18af00000,0x000000b18b000000) (1024K)]
  0x000002441141b040 JavaThread "C1 CompilerThread2"         daemon [_thread_blocked, id=18280, stack(0x000000b18b000000,0x000000b18b100000) (1024K)]
  0x000002441141cb80 JavaThread "C2 CompilerThread1"         daemon [_thread_blocked, id=6924, stack(0x000000b18b100000,0x000000b18b200000) (1024K)]
  0x0000024411550770 JavaThread "Notification Thread"        daemon [_thread_blocked, id=34724, stack(0x000000b18b200000,0x000000b18b300000) (1024K)]
  0x00000244116a6f60 JavaThread "Java2D Disposer"            daemon [_thread_blocked, id=41204, stack(0x000000b18b300000,0x000000b18b400000) (1024K)]
  0x00000244116a8e30 JavaThread "AWT-Shutdown"                      [_thread_blocked, id=29692, stack(0x000000b18b400000,0x000000b18b500000) (1024K)]
  0x00000244116ada80 JavaThread "AWT-Windows"                daemon [_thread_in_native, id=43432, stack(0x000000b18b500000,0x000000b18b600000) (1024K)]
Total: 17

Other Threads:
  0x00000244112c49e0 VMThread "VM Thread"                           [id=25048, stack(0x000000b18a500000,0x000000b18a600000) (1024K)]
  0x00000244112aeea0 WatcherThread "VM Periodic Task Thread"        [id=17284, stack(0x000000b18a400000,0x000000b18a500000) (1024K)]
  0x00000244713a0510 WorkerThread "GC Thread#0"                     [id=24516, stack(0x000000b189f00000,0x000000b18a000000) (1024K)]
  0x00000244713b5570 ConcurrentGCThread "G1 Main Marker"            [id=22652, stack(0x000000b18a000000,0x000000b18a100000) (1024K)]
  0x00000244713b5f90 WorkerThread "G1 Conc#0"                       [id=35372, stack(0x000000b18a100000,0x000000b18a200000) (1024K)]
  0x0000024411185790 ConcurrentGCThread "G1 Refine#0"               [id=30552, stack(0x000000b18a200000,0x000000b18a300000) (1024K)]
  0x0000024411186230 ConcurrentGCThread "G1 Service"                [id=31252, stack(0x000000b18a300000,0x000000b18a400000) (1024K)]
Total: 7

Threads with active compile tasks:
Total: 0

VM state: not at safepoint (normal execution)

VM Mutex/Monitor currently owned by a thread:  ([mutex/lock_event])
[0x00007ffcc4621890] Metaspace_lock - owner thread: 0x000002446eecf220

Heap address: 0x0000000707000000, size: 3984 MB, Compressed Oops mode: Zero based, Oop shift amount: 3

CDS archive(s) mapped at: [0x0000024412000000-0x0000024412d70000-0x0000024412d70000), size 14090240, SharedBaseAddress: 0x0000024412000000, ArchiveRelocationMode: 1.
Compressed class space mapped at: 0x0000024413000000-0x0000024453000000, reserved size: 1073741824
Narrow klass base: 0x0000024412000000, Narrow klass shift: 0, Narrow klass range: 0x41000000

GC Precious Log:
 CardTable entry size: 512
 Card Set container configuration: InlinePtr #cards 4 size 8 Array Of Cards #cards 16 size 48 Howl #buckets 8 coarsen threshold 3686 Howl Bitmap #cards 512 size 80 coarsen threshold 460 Card regions per heap region 1 cards per card region 4096
 CPUs: 18 total, 18 available
 Memory: 15931M
 Large Page Support: Disabled
 NUMA Support: Disabled
 Compressed Oops: Enabled (Zero based)
 Heap Region Size: 2M
 Heap Min Capacity: 8M
 Heap Initial Capacity: 250M
 Heap Max Capacity: 3984M
 Pre-touch: Disabled
 Parallel Workers: 14
 Concurrent Workers: 4
 Concurrent Refinement Workers: 14
 Periodic GC: Disabled

Heap:
 garbage-first heap   total reserved 4079616K, committed 256000K, used 6144K [0x0000000707000000, 0x0000000800000000)
  region size 2048K, 4 young (8192K), 0 survivors (0K)
 Metaspace       used 5750K, committed 5952K, reserved 1114112K
  class space    used 675K, committed 832K, reserved 1048576K

Heap Regions: E=young(eden), S=young(survivor), O=old, HS=humongous(starts), HC=humongous(continues), CS=collection set, F=free, TAMS=top-at-mark-start, PB=parsable bottom
|   0|0x0000000707000000, 0x0000000707000000, 0x0000000707200000|  0%| F|  |TAMS 0x0000000707000000| PB 0x0000000707000000| Untracked |  0
|   1|0x0000000707200000, 0x0000000707200000, 0x0000000707400000|  0%| F|  |TAMS 0x0000000707200000| PB 0x0000000707200000| Untracked |  0
|   2|0x0000000707400000, 0x0000000707400000, 0x0000000707600000|  0%| F|  |TAMS 0x0000000707400000| PB 0x0000000707400000| Untracked |  0
|   3|0x0000000707600000, 0x0000000707600000, 0x0000000707800000|  0%| F|  |TAMS 0x0000000707600000| PB 0x0000000707600000| Untracked |  0
|   4|0x0000000707800000, 0x0000000707800000, 0x0000000707a00000|  0%| F|  |TAMS 0x0000000707800000| PB 0x0000000707800000| Untracked |  0
|   5|0x0000000707a00000, 0x0000000707a00000, 0x0000000707c00000|  0%| F|  |TAMS 0x0000000707a00000| PB 0x0000000707a00000| Untracked |  0
|   6|0x0000000707c00000, 0x0000000707c00000, 0x0000000707e00000|  0%| F|  |TAMS 0x0000000707c00000| PB 0x0000000707c00000| Untracked |  0
|   7|0x0000000707e00000, 0x0000000707e00000, 0x0000000708000000|  0%| F|  |TAMS 0x0000000707e00000| PB 0x0000000707e00000| Untracked |  0
|   8|0x0000000708000000, 0x0000000708000000, 0x0000000708200000|  0%| F|  |TAMS 0x0000000708000000| PB 0x0000000708000000| Untracked |  0
|   9|0x0000000708200000, 0x0000000708200000, 0x0000000708400000|  0%| F|  |TAMS 0x0000000708200000| PB 0x0000000708200000| Untracked |  0
|  10|0x0000000708400000, 0x0000000708400000, 0x0000000708600000|  0%| F|  |TAMS 0x0000000708400000| PB 0x0000000708400000| Untracked |  0
|  11|0x0000000708600000, 0x0000000708600000, 0x0000000708800000|  0%| F|  |TAMS 0x0000000708600000| PB 0x0000000708600000| Untracked |  0
|  12|0x0000000708800000, 0x0000000708800000, 0x0000000708a00000|  0%| F|  |TAMS 0x0000000708800000| PB 0x0000000708800000| Untracked |  0
|  13|0x0000000708a00000, 0x0000000708a00000, 0x0000000708c00000|  0%| F|  |TAMS 0x0000000708a00000| PB 0x0000000708a00000| Untracked |  0
|  14|0x0000000708c00000, 0x0000000708c00000, 0x0000000708e00000|  0%| F|  |TAMS 0x0000000708c00000| PB 0x0000000708c00000| Untracked |  0
|  15|0x0000000708e00000, 0x0000000708e00000, 0x0000000709000000|  0%| F|  |TAMS 0x0000000708e00000| PB 0x0000000708e00000| Untracked |  0
|  16|0x0000000709000000, 0x0000000709000000, 0x0000000709200000|  0%| F|  |TAMS 0x0000000709000000| PB 0x0000000709000000| Untracked |  0
|  17|0x0000000709200000, 0x0000000709200000, 0x0000000709400000|  0%| F|  |TAMS 0x0000000709200000| PB 0x0000000709200000| Untracked |  0
|  18|0x0000000709400000, 0x0000000709400000, 0x0000000709600000|  0%| F|  |TAMS 0x0000000709400000| PB 0x0000000709400000| Untracked |  0
|  19|0x0000000709600000, 0x0000000709600000, 0x0000000709800000|  0%| F|  |TAMS 0x0000000709600000| PB 0x0000000709600000| Untracked |  0
|  20|0x0000000709800000, 0x0000000709800000, 0x0000000709a00000|  0%| F|  |TAMS 0x0000000709800000| PB 0x0000000709800000| Untracked |  0
|  21|0x0000000709a00000, 0x0000000709a00000, 0x0000000709c00000|  0%| F|  |TAMS 0x0000000709a00000| PB 0x0000000709a00000| Untracked |  0
|  22|0x0000000709c00000, 0x0000000709c00000, 0x0000000709e00000|  0%| F|  |TAMS 0x0000000709c00000| PB 0x0000000709c00000| Untracked |  0
|  23|0x0000000709e00000, 0x0000000709e00000, 0x000000070a000000|  0%| F|  |TAMS 0x0000000709e00000| PB 0x0000000709e00000| Untracked |  0
|  24|0x000000070a000000, 0x000000070a000000, 0x000000070a200000|  0%| F|  |TAMS 0x000000070a000000| PB 0x000000070a000000| Untracked |  0
|  25|0x000000070a200000, 0x000000070a200000, 0x000000070a400000|  0%| F|  |TAMS 0x000000070a200000| PB 0x000000070a200000| Untracked |  0
|  26|0x000000070a400000, 0x000000070a400000, 0x000000070a600000|  0%| F|  |TAMS 0x000000070a400000| PB 0x000000070a400000| Untracked |  0
|  27|0x000000070a600000, 0x000000070a600000, 0x000000070a800000|  0%| F|  |TAMS 0x000000070a600000| PB 0x000000070a600000| Untracked |  0
|  28|0x000000070a800000, 0x000000070a800000, 0x000000070aa00000|  0%| F|  |TAMS 0x000000070a800000| PB 0x000000070a800000| Untracked |  0
|  29|0x000000070aa00000, 0x000000070aa00000, 0x000000070ac00000|  0%| F|  |TAMS 0x000000070aa00000| PB 0x000000070aa00000| Untracked |  0
|  30|0x000000070ac00000, 0x000000070ac00000, 0x000000070ae00000|  0%| F|  |TAMS 0x000000070ac00000| PB 0x000000070ac00000| Untracked |  0
|  31|0x000000070ae00000, 0x000000070ae00000, 0x000000070b000000|  0%| F|  |TAMS 0x000000070ae00000| PB 0x000000070ae00000| Untracked |  0
|  32|0x000000070b000000, 0x000000070b000000, 0x000000070b200000|  0%| F|  |TAMS 0x000000070b000000| PB 0x000000070b000000| Untracked |  0
|  33|0x000000070b200000, 0x000000070b200000, 0x000000070b400000|  0%| F|  |TAMS 0x000000070b200000| PB 0x000000070b200000| Untracked |  0
|  34|0x000000070b400000, 0x000000070b400000, 0x000000070b600000|  0%| F|  |TAMS 0x000000070b400000| PB 0x000000070b400000| Untracked |  0
|  35|0x000000070b600000, 0x000000070b600000, 0x000000070b800000|  0%| F|  |TAMS 0x000000070b600000| PB 0x000000070b600000| Untracked |  0
|  36|0x000000070b800000, 0x000000070b800000, 0x000000070ba00000|  0%| F|  |TAMS 0x000000070b800000| PB 0x000000070b800000| Untracked |  0
|  37|0x000000070ba00000, 0x000000070ba00000, 0x000000070bc00000|  0%| F|  |TAMS 0x000000070ba00000| PB 0x000000070ba00000| Untracked |  0
|  38|0x000000070bc00000, 0x000000070bc00000, 0x000000070be00000|  0%| F|  |TAMS 0x000000070bc00000| PB 0x000000070bc00000| Untracked |  0
|  39|0x000000070be00000, 0x000000070be00000, 0x000000070c000000|  0%| F|  |TAMS 0x000000070be00000| PB 0x000000070be00000| Untracked |  0
|  40|0x000000070c000000, 0x000000070c000000, 0x000000070c200000|  0%| F|  |TAMS 0x000000070c000000| PB 0x000000070c000000| Untracked |  0
|  41|0x000000070c200000, 0x000000070c200000, 0x000000070c400000|  0%| F|  |TAMS 0x000000070c200000| PB 0x000000070c200000| Untracked |  0
|  42|0x000000070c400000, 0x000000070c400000, 0x000000070c600000|  0%| F|  |TAMS 0x000000070c400000| PB 0x000000070c400000| Untracked |  0
|  43|0x000000070c600000, 0x000000070c600000, 0x000000070c800000|  0%| F|  |TAMS 0x000000070c600000| PB 0x000000070c600000| Untracked |  0
|  44|0x000000070c800000, 0x000000070c800000, 0x000000070ca00000|  0%| F|  |TAMS 0x000000070c800000| PB 0x000000070c800000| Untracked |  0
|  45|0x000000070ca00000, 0x000000070ca00000, 0x000000070cc00000|  0%| F|  |TAMS 0x000000070ca00000| PB 0x000000070ca00000| Untracked |  0
|  46|0x000000070cc00000, 0x000000070cc00000, 0x000000070ce00000|  0%| F|  |TAMS 0x000000070cc00000| PB 0x000000070cc00000| Untracked |  0
|  47|0x000000070ce00000, 0x000000070ce00000, 0x000000070d000000|  0%| F|  |TAMS 0x000000070ce00000| PB 0x000000070ce00000| Untracked |  0
|  48|0x000000070d000000, 0x000000070d000000, 0x000000070d200000|  0%| F|  |TAMS 0x000000070d000000| PB 0x000000070d000000| Untracked |  0
|  49|0x000000070d200000, 0x000000070d200000, 0x000000070d400000|  0%| F|  |TAMS 0x000000070d200000| PB 0x000000070d200000| Untracked |  0
|  50|0x000000070d400000, 0x000000070d400000, 0x000000070d600000|  0%| F|  |TAMS 0x000000070d400000| PB 0x000000070d400000| Untracked |  0
|  51|0x000000070d600000, 0x000000070d600000, 0x000000070d800000|  0%| F|  |TAMS 0x000000070d600000| PB 0x000000070d600000| Untracked |  0
|  52|0x000000070d800000, 0x000000070d800000, 0x000000070da00000|  0%| F|  |TAMS 0x000000070d800000| PB 0x000000070d800000| Untracked |  0
|  53|0x000000070da00000, 0x000000070da00000, 0x000000070dc00000|  0%| F|  |TAMS 0x000000070da00000| PB 0x000000070da00000| Untracked |  0
|  54|0x000000070dc00000, 0x000000070dc00000, 0x000000070de00000|  0%| F|  |TAMS 0x000000070dc00000| PB 0x000000070dc00000| Untracked |  0
|  55|0x000000070de00000, 0x000000070de00000, 0x000000070e000000|  0%| F|  |TAMS 0x000000070de00000| PB 0x000000070de00000| Untracked |  0
|  56|0x000000070e000000, 0x000000070e000000, 0x000000070e200000|  0%| F|  |TAMS 0x000000070e000000| PB 0x000000070e000000| Untracked |  0
|  57|0x000000070e200000, 0x000000070e200000, 0x000000070e400000|  0%| F|  |TAMS 0x000000070e200000| PB 0x000000070e200000| Untracked |  0
|  58|0x000000070e400000, 0x000000070e400000, 0x000000070e600000|  0%| F|  |TAMS 0x000000070e400000| PB 0x000000070e400000| Untracked |  0
|  59|0x000000070e600000, 0x000000070e600000, 0x000000070e800000|  0%| F|  |TAMS 0x000000070e600000| PB 0x000000070e600000| Untracked |  0
|  60|0x000000070e800000, 0x000000070e800000, 0x000000070ea00000|  0%| F|  |TAMS 0x000000070e800000| PB 0x000000070e800000| Untracked |  0
|  61|0x000000070ea00000, 0x000000070ea00000, 0x000000070ec00000|  0%| F|  |TAMS 0x000000070ea00000| PB 0x000000070ea00000| Untracked |  0
|  62|0x000000070ec00000, 0x000000070ec00000, 0x000000070ee00000|  0%| F|  |TAMS 0x000000070ec00000| PB 0x000000070ec00000| Untracked |  0
|  63|0x000000070ee00000, 0x000000070ee00000, 0x000000070f000000|  0%| F|  |TAMS 0x000000070ee00000| PB 0x000000070ee00000| Untracked |  0
|  64|0x000000070f000000, 0x000000070f000000, 0x000000070f200000|  0%| F|  |TAMS 0x000000070f000000| PB 0x000000070f000000| Untracked |  0
|  65|0x000000070f200000, 0x000000070f200000, 0x000000070f400000|  0%| F|  |TAMS 0x000000070f200000| PB 0x000000070f200000| Untracked |  0
|  66|0x000000070f400000, 0x000000070f400000, 0x000000070f600000|  0%| F|  |TAMS 0x000000070f400000| PB 0x000000070f400000| Untracked |  0
|  67|0x000000070f600000, 0x000000070f600000, 0x000000070f800000|  0%| F|  |TAMS 0x000000070f600000| PB 0x000000070f600000| Untracked |  0
|  68|0x000000070f800000, 0x000000070f800000, 0x000000070fa00000|  0%| F|  |TAMS 0x000000070f800000| PB 0x000000070f800000| Untracked |  0
|  69|0x000000070fa00000, 0x000000070fa00000, 0x000000070fc00000|  0%| F|  |TAMS 0x000000070fa00000| PB 0x000000070fa00000| Untracked |  0
|  70|0x000000070fc00000, 0x000000070fc00000, 0x000000070fe00000|  0%| F|  |TAMS 0x000000070fc00000| PB 0x000000070fc00000| Untracked |  0
|  71|0x000000070fe00000, 0x000000070fe00000, 0x0000000710000000|  0%| F|  |TAMS 0x000000070fe00000| PB 0x000000070fe00000| Untracked |  0
|  72|0x0000000710000000, 0x0000000710000000, 0x0000000710200000|  0%| F|  |TAMS 0x0000000710000000| PB 0x0000000710000000| Untracked |  0
|  73|0x0000000710200000, 0x0000000710200000, 0x0000000710400000|  0%| F|  |TAMS 0x0000000710200000| PB 0x0000000710200000| Untracked |  0
|  74|0x0000000710400000, 0x0000000710400000, 0x0000000710600000|  0%| F|  |TAMS 0x0000000710400000| PB 0x0000000710400000| Untracked |  0
|  75|0x0000000710600000, 0x0000000710600000, 0x0000000710800000|  0%| F|  |TAMS 0x0000000710600000| PB 0x0000000710600000| Untracked |  0
|  76|0x0000000710800000, 0x0000000710800000, 0x0000000710a00000|  0%| F|  |TAMS 0x0000000710800000| PB 0x0000000710800000| Untracked |  0
|  77|0x0000000710a00000, 0x0000000710a00000, 0x0000000710c00000|  0%| F|  |TAMS 0x0000000710a00000| PB 0x0000000710a00000| Untracked |  0
|  78|0x0000000710c00000, 0x0000000710c00000, 0x0000000710e00000|  0%| F|  |TAMS 0x0000000710c00000| PB 0x0000000710c00000| Untracked |  0
|  79|0x0000000710e00000, 0x0000000710e00000, 0x0000000711000000|  0%| F|  |TAMS 0x0000000710e00000| PB 0x0000000710e00000| Untracked |  0
|  80|0x0000000711000000, 0x0000000711000000, 0x0000000711200000|  0%| F|  |TAMS 0x0000000711000000| PB 0x0000000711000000| Untracked |  0
|  81|0x0000000711200000, 0x0000000711200000, 0x0000000711400000|  0%| F|  |TAMS 0x0000000711200000| PB 0x0000000711200000| Untracked |  0
|  82|0x0000000711400000, 0x0000000711400000, 0x0000000711600000|  0%| F|  |TAMS 0x0000000711400000| PB 0x0000000711400000| Untracked |  0
|  83|0x0000000711600000, 0x0000000711600000, 0x0000000711800000|  0%| F|  |TAMS 0x0000000711600000| PB 0x0000000711600000| Untracked |  0
|  84|0x0000000711800000, 0x0000000711800000, 0x0000000711a00000|  0%| F|  |TAMS 0x0000000711800000| PB 0x0000000711800000| Untracked |  0
|  85|0x0000000711a00000, 0x0000000711a00000, 0x0000000711c00000|  0%| F|  |TAMS 0x0000000711a00000| PB 0x0000000711a00000| Untracked |  0
|  86|0x0000000711c00000, 0x0000000711c00000, 0x0000000711e00000|  0%| F|  |TAMS 0x0000000711c00000| PB 0x0000000711c00000| Untracked |  0
|  87|0x0000000711e00000, 0x0000000711e00000, 0x0000000712000000|  0%| F|  |TAMS 0x0000000711e00000| PB 0x0000000711e00000| Untracked |  0
|  88|0x0000000712000000, 0x0000000712000000, 0x0000000712200000|  0%| F|  |TAMS 0x0000000712000000| PB 0x0000000712000000| Untracked |  0
|  89|0x0000000712200000, 0x0000000712200000, 0x0000000712400000|  0%| F|  |TAMS 0x0000000712200000| PB 0x0000000712200000| Untracked |  0
|  90|0x0000000712400000, 0x0000000712400000, 0x0000000712600000|  0%| F|  |TAMS 0x0000000712400000| PB 0x0000000712400000| Untracked |  0
|  91|0x0000000712600000, 0x0000000712600000, 0x0000000712800000|  0%| F|  |TAMS 0x0000000712600000| PB 0x0000000712600000| Untracked |  0
|  92|0x0000000712800000, 0x0000000712800000, 0x0000000712a00000|  0%| F|  |TAMS 0x0000000712800000| PB 0x0000000712800000| Untracked |  0
|  93|0x0000000712a00000, 0x0000000712a00000, 0x0000000712c00000|  0%| F|  |TAMS 0x0000000712a00000| PB 0x0000000712a00000| Untracked |  0
|  94|0x0000000712c00000, 0x0000000712c00000, 0x0000000712e00000|  0%| F|  |TAMS 0x0000000712c00000| PB 0x0000000712c00000| Untracked |  0
|  95|0x0000000712e00000, 0x0000000712e00000, 0x0000000713000000|  0%| F|  |TAMS 0x0000000712e00000| PB 0x0000000712e00000| Untracked |  0
|  96|0x0000000713000000, 0x0000000713000000, 0x0000000713200000|  0%| F|  |TAMS 0x0000000713000000| PB 0x0000000713000000| Untracked |  0
|  97|0x0000000713200000, 0x0000000713200000, 0x0000000713400000|  0%| F|  |TAMS 0x0000000713200000| PB 0x0000000713200000| Untracked |  0
|  98|0x0000000713400000, 0x0000000713400000, 0x0000000713600000|  0%| F|  |TAMS 0x0000000713400000| PB 0x0000000713400000| Untracked |  0
|  99|0x0000000713600000, 0x0000000713600000, 0x0000000713800000|  0%| F|  |TAMS 0x0000000713600000| PB 0x0000000713600000| Untracked |  0
| 100|0x0000000713800000, 0x0000000713800000, 0x0000000713a00000|  0%| F|  |TAMS 0x0000000713800000| PB 0x0000000713800000| Untracked |  0
| 101|0x0000000713a00000, 0x0000000713a00000, 0x0000000713c00000|  0%| F|  |TAMS 0x0000000713a00000| PB 0x0000000713a00000| Untracked |  0
| 102|0x0000000713c00000, 0x0000000713c00000, 0x0000000713e00000|  0%| F|  |TAMS 0x0000000713c00000| PB 0x0000000713c00000| Untracked |  0
| 103|0x0000000713e00000, 0x0000000713e00000, 0x0000000714000000|  0%| F|  |TAMS 0x0000000713e00000| PB 0x0000000713e00000| Untracked |  0
| 104|0x0000000714000000, 0x0000000714000000, 0x0000000714200000|  0%| F|  |TAMS 0x0000000714000000| PB 0x0000000714000000| Untracked |  0
| 105|0x0000000714200000, 0x0000000714200000, 0x0000000714400000|  0%| F|  |TAMS 0x0000000714200000| PB 0x0000000714200000| Untracked |  0
| 106|0x0000000714400000, 0x0000000714400000, 0x0000000714600000|  0%| F|  |TAMS 0x0000000714400000| PB 0x0000000714400000| Untracked |  0
| 107|0x0000000714600000, 0x0000000714600000, 0x0000000714800000|  0%| F|  |TAMS 0x0000000714600000| PB 0x0000000714600000| Untracked |  0
| 108|0x0000000714800000, 0x0000000714800000, 0x0000000714a00000|  0%| F|  |TAMS 0x0000000714800000| PB 0x0000000714800000| Untracked |  0
| 109|0x0000000714a00000, 0x0000000714a00000, 0x0000000714c00000|  0%| F|  |TAMS 0x0000000714a00000| PB 0x0000000714a00000| Untracked |  0
| 110|0x0000000714c00000, 0x0000000714c00000, 0x0000000714e00000|  0%| F|  |TAMS 0x0000000714c00000| PB 0x0000000714c00000| Untracked |  0
| 111|0x0000000714e00000, 0x0000000714e00000, 0x0000000715000000|  0%| F|  |TAMS 0x0000000714e00000| PB 0x0000000714e00000| Untracked |  0
| 112|0x0000000715000000, 0x0000000715000000, 0x0000000715200000|  0%| F|  |TAMS 0x0000000715000000| PB 0x0000000715000000| Untracked |  0
| 113|0x0000000715200000, 0x0000000715200000, 0x0000000715400000|  0%| F|  |TAMS 0x0000000715200000| PB 0x0000000715200000| Untracked |  0
| 114|0x0000000715400000, 0x0000000715400000, 0x0000000715600000|  0%| F|  |TAMS 0x0000000715400000| PB 0x0000000715400000| Untracked |  0
| 115|0x0000000715600000, 0x0000000715600000, 0x0000000715800000|  0%| F|  |TAMS 0x0000000715600000| PB 0x0000000715600000| Untracked |  0
| 116|0x0000000715800000, 0x0000000715800000, 0x0000000715a00000|  0%| F|  |TAMS 0x0000000715800000| PB 0x0000000715800000| Untracked |  0
| 117|0x0000000715a00000, 0x0000000715a00000, 0x0000000715c00000|  0%| F|  |TAMS 0x0000000715a00000| PB 0x0000000715a00000| Untracked |  0
| 118|0x0000000715c00000, 0x0000000715c00000, 0x0000000715e00000|  0%| F|  |TAMS 0x0000000715c00000| PB 0x0000000715c00000| Untracked |  0
| 119|0x0000000715e00000, 0x0000000715e00000, 0x0000000716000000|  0%| F|  |TAMS 0x0000000715e00000| PB 0x0000000715e00000| Untracked |  0
| 120|0x0000000716000000, 0x0000000716000000, 0x0000000716200000|  0%| F|  |TAMS 0x0000000716000000| PB 0x0000000716000000| Untracked |  0
| 121|0x0000000716200000, 0x0000000716370bd8, 0x0000000716400000| 72%| E|  |TAMS 0x0000000716200000| PB 0x0000000716200000| Complete |  0
| 122|0x0000000716400000, 0x0000000716600000, 0x0000000716600000|100%| E|CS|TAMS 0x0000000716400000| PB 0x0000000716400000| Complete |  0
| 123|0x0000000716600000, 0x0000000716800000, 0x0000000716800000|100%| E|CS|TAMS 0x0000000716600000| PB 0x0000000716600000| Complete |  0
| 124|0x0000000716800000, 0x0000000716a00000, 0x0000000716a00000|100%| E|CS|TAMS 0x0000000716800000| PB 0x0000000716800000| Complete |  0

Card table byte_map: [0x000002447abd0000,0x000002447b3a0000] _byte_map_base: 0x0000024477398000

Marking Bits: (CMBitMap*) 0x00000244713a1340
 Bits: [0x000002447b3a0000, 0x000002447f1e0000)

Polling page: 0x000002446f0f0000

Metaspace:

Usage:
  Non-class:      4.96 MB used.
      Class:    675.80 KB used.
       Both:      5.62 MB used.

Virtual space:
  Non-class space:       64.00 MB reserved,       5.00 MB (  8%) committed,  1 nodes.
      Class space:        1.00 GB reserved,     832.00 KB ( <1%) committed,  1 nodes.
             Both:        1.06 GB reserved,       5.81 MB ( <1%) committed. 

Chunk freelists:
   Non-Class:  10.88 MB
       Class:  15.25 MB
        Both:  26.13 MB

MaxMetaspaceSize: unlimited
CompressedClassSpaceSize: 1.00 GB
Initial GC threshold: 21.00 MB
Current GC threshold: 21.00 MB
CDS: on
 - commit_granule_bytes: 65536.
 - commit_granule_words: 8192.
 - virtual_space_node_default_size: 8388608.
 - enlarge_chunks_in_place: 1.
 - use_allocation_guard: 0.


Internal statistics:

num_allocs_failed_limit: 0.
num_arena_births: 110.
num_arena_deaths: 0.
num_vsnodes_births: 2.
num_vsnodes_deaths: 0.
num_space_committed: 93.
num_space_uncommitted: 0.
num_chunks_returned_to_freelist: 0.
num_chunks_taken_from_freelist: 130.
num_chunk_merges: 0.
num_chunk_splits: 81.
num_chunks_enlarged: 38.
num_inconsistent_stats: 0.

CodeHeap 'non-profiled nmethods': size=119232Kb used=186Kb max_used=186Kb free=119046Kb
 bounds [0x0000024407b90000, 0x0000024407e00000, 0x000002440f000000]
CodeHeap 'profiled nmethods': size=119104Kb used=721Kb max_used=721Kb free=118382Kb
 bounds [0x0000024400000000, 0x0000024400270000, 0x0000024407450000]
CodeHeap 'non-nmethods': size=7424Kb used=2560Kb max_used=2569Kb free=4863Kb
 bounds [0x0000024407450000, 0x00000244076e0000, 0x0000024407b90000]
CodeCache: size=245760Kb, used=3467Kb, max_used=3476Kb, free=242291Kb
 total_blobs=1206, nmethods=670, adapters=440, full_count=0
Compilation: enabled, stopped_count=0, restarted_count=0

Compilation events (20 events):
Event: 0.213 Thread 0x00000244112f8fe0 nmethod 659 0x00000244000b0c08 code [0x00000244000b0d60, 0x00000244000b10a0]
Event: 0.217 Thread 0x00000244112f8fe0  661       3       java.util.ArrayList::get (15 bytes)
Event: 0.217 Thread 0x000002441141b040  662       3       java.util.Objects::checkIndex (7 bytes)
Event: 0.217 Thread 0x000002441141c4b0  663       3       java.util.ArrayList::elementData (7 bytes)
Event: 0.217 Thread 0x000002441141c4b0 nmethod 663 0x00000244000b1108 code [0x00000244000b1220, 0x00000244000b1360]
Event: 0.217 Thread 0x000002441141b040 nmethod 662 0x00000244000b1408 code [0x00000244000b1520, 0x00000244000b1658]
Event: 0.217 Thread 0x00000244112f8fe0 nmethod 661 0x00000244000b1708 code [0x00000244000b1840, 0x00000244000b1b08]
Event: 0.218 Thread 0x00000244112f8fe0  664       3       java.lang.CharacterData::of (136 bytes)
Event: 0.218 Thread 0x00000244112f8fe0 nmethod 664 0x00000244000b1b88 code [0x00000244000b1d40, 0x00000244000b2658]
Event: 0.218 Thread 0x00000244112f3910  665       4       java.util.HashMap::resize (356 bytes)
Event: 0.218 Thread 0x000002441141b040  666       3       sun.util.ResourceBundleEnumeration::hasMoreElements (117 bytes)
Event: 0.218 Thread 0x000002441141c4b0  667       3       java.lang.Float::isNaN (12 bytes)
Event: 0.218 Thread 0x000002441141c4b0 nmethod 667 0x00000244000b2688 code [0x00000244000b27a0, 0x00000244000b2900]
Event: 0.218 Thread 0x000002441141b040 nmethod 666 0x00000244000b2988 code [0x00000244000b2b40, 0x00000244000b3580]
Event: 0.219 Thread 0x000002441141b040  668       3       java.lang.Float::floatToIntBits (15 bytes)
Event: 0.219 Thread 0x000002441141b040 nmethod 668 0x00000244000b3608 code [0x00000244000b3740, 0x00000244000b3968]
Event: 0.220 Thread 0x000002441141b040  669       3       javax.swing.UIDefaults::firePropertyChange (18 bytes)
Event: 0.220 Thread 0x00000244112f8fe0  670       3       javax.swing.UIDefaults::put (38 bytes)
Event: 0.220 Thread 0x000002441141b040 nmethod 669 0x00000244000b3988 code [0x00000244000b3aa0, 0x00000244000b3ca0]
Event: 0.220 Thread 0x00000244112f8fe0 nmethod 670 0x00000244000b3d08 code [0x00000244000b3e60, 0x00000244000b4420]

GC Heap History (0 events):
No events

Dll operation events (9 events):
Event: 0.006 Loaded shared library C:\Program Files\Java\jdk-23\bin\java.dll
Event: 0.031 Loaded shared library C:\Program Files\Java\jdk-23\bin\jsvml.dll
Event: 0.050 Loaded shared library C:\Program Files\Java\jdk-23\bin\net.dll
Event: 0.052 Loaded shared library C:\Program Files\Java\jdk-23\bin\nio.dll
Event: 0.071 Loaded shared library C:\Program Files\Java\jdk-23\bin\zip.dll
Event: 0.083 Loaded shared library C:\Program Files\Java\jdk-23\bin\jimage.dll
Event: 0.097 Loaded shared library C:\Program Files\Java\jdk-23\bin\awt.dll
Event: 0.190 Loaded shared library C:\Program Files\Java\jdk-23\bin\freetype.dll
Event: 0.191 Loaded shared library C:\Program Files\Java\jdk-23\bin\fontmanager.dll

Deoptimization events (4 events):
Event: 0.161 Thread 0x000002446eecf220 Uncommon trap: trap_request=0xffffff45 fr.pc=0x0000024407ba1ee4 relative=0x0000000000000a24
Event: 0.161 Thread 0x000002446eecf220 Uncommon trap: reason=unstable_if action=reinterpret pc=0x0000024407ba1ee4 method=java.util.HashMap.putVal(ILjava/lang/Object;Ljava/lang/Object;ZZ)Ljava/lang/Object; @ 236 c2
Event: 0.161 Thread 0x000002446eecf220 DEOPT PACKING pc=0x0000024407ba1ee4 sp=0x000000b189efe4a0
Event: 0.161 Thread 0x000002446eecf220 DEOPT UNPACKING pc=0x00000244074a4402 sp=0x000000b189efe458 mode 2

Classes loaded (20 events):
Event: 0.219 Loading class javax/swing/plaf/nimbus/State$StandardState done
Event: 0.220 Loading class javax/swing/plaf/nimbus/ComboBoxArrowButtonEditableState
Event: 0.220 Loading class javax/swing/plaf/nimbus/ComboBoxArrowButtonEditableState done
Event: 0.220 Loading class javax/swing/plaf/nimbus/InternalFrameWindowFocusedState
Event: 0.220 Loading class javax/swing/plaf/nimbus/InternalFrameWindowFocusedState done
Event: 0.220 Loading class javax/swing/plaf/nimbus/InternalFrameTitlePaneWindowFocusedState
Event: 0.220 Loading class javax/swing/plaf/nimbus/InternalFrameTitlePaneWindowFocusedState done
Event: 0.220 Loading class javax/swing/plaf/nimbus/InternalFrameTitlePaneMenuButtonWindowNotFocusedState
Event: 0.220 Loading class javax/swing/plaf/nimbus/InternalFrameTitlePaneMenuButtonWindowNotFocusedState done
Event: 0.220 Loading class javax/swing/plaf/nimbus/InternalFrameTitlePaneIconifyButtonWindowNotFocusedState
Event: 0.220 Loading class javax/swing/plaf/nimbus/InternalFrameTitlePaneIconifyButtonWindowNotFocusedState done
Event: 0.220 Loading class javax/swing/plaf/nimbus/InternalFrameTitlePaneMaximizeButtonWindowNotFocusedState
Event: 0.220 Loading class javax/swing/plaf/nimbus/InternalFrameTitlePaneMaximizeButtonWindowNotFocusedState done
Event: 0.220 Loading class javax/swing/plaf/nimbus/InternalFrameTitlePaneMaximizeButtonWindowMaximizedState
Event: 0.220 Loading class javax/swing/plaf/nimbus/InternalFrameTitlePaneMaximizeButtonWindowMaximizedState done
Event: 0.220 Loading class javax/swing/plaf/nimbus/InternalFrameTitlePaneCloseButtonWindowNotFocusedState
Event: 0.220 Loading class javax/swing/plaf/nimbus/InternalFrameTitlePaneCloseButtonWindowNotFocusedState done
Event: 0.220 Loading class javax/swing/plaf/BorderUIResource
Event: 0.220 Loading class javax/swing/plaf/BorderUIResource done
Event: 0.220 Loading class javax/swing/BorderFactory

Classes unloaded (0 events):
No events

Classes redefined (0 events):
No events

Internal exceptions (20 events):
Event: 0.213 Thread 0x000002446eecf220 Exception <a 'java/lang/ClassNotFoundException'{0x0000000716301ab0}: FormattedTextField> (0x0000000716301ab0) 
thrown [s\open\src\hotspot\share\classfile\systemDictionary.cpp, line 313]
Event: 0.213 Thread 0x000002446eecf220 Exception <a 'java/lang/ClassNotFoundException'{0x0000000716301f08}: PasswordField> (0x0000000716301f08) 
thrown [s\open\src\hotspot\share\classfile\systemDictionary.cpp, line 313]
Event: 0.213 Thread 0x000002446eecf220 Exception <a 'java/lang/ClassNotFoundException'{0x0000000716302460}: TextArea> (0x0000000716302460) 
thrown [s\open\src\hotspot\share\classfile\systemDictionary.cpp, line 313]
Event: 0.213 Thread 0x000002446eecf220 Exception <a 'java/lang/ClassNotFoundException'{0x0000000716302da0}: TextPane> (0x0000000716302da0) 
thrown [s\open\src\hotspot\share\classfile\systemDictionary.cpp, line 313]
Event: 0.213 Thread 0x000002446eecf220 Exception <a 'java/lang/ClassNotFoundException'{0x0000000716303208}: EditorPane> (0x0000000716303208) 
thrown [s\open\src\hotspot\share\classfile\systemDictionary.cpp, line 313]
Event: 0.214 Thread 0x000002446eecf220 Exception <a 'java/lang/ClassNotFoundException'{0x0000000716303b68}: ToolBar> (0x0000000716303b68) 
thrown [s\open\src\hotspot\share\classfile\systemDictionary.cpp, line 313]
Event: 0.214 Thread 0x000002446eecf220 Exception <a 'java/lang/ClassNotFoundException'{0x0000000716304060}: ToolBar> (0x0000000716304060) 
thrown [s\open\src\hotspot\share\classfile\systemDictionary.cpp, line 313]
Event: 0.214 Thread 0x000002446eecf220 Exception <a 'java/lang/ClassNotFoundException'{0x00000007163043c0}: Button> (0x00000007163043c0) 
thrown [s\open\src\hotspot\share\classfile\systemDictionary.cpp, line 313]
Event: 0.214 Thread 0x000002446eecf220 Exception <a 'java/lang/ClassNotFoundException'{0x0000000716304888}: ToolBar> (0x0000000716304888) 
thrown [s\open\src\hotspot\share\classfile\systemDictionary.cpp, line 313]
Event: 0.214 Thread 0x000002446eecf220 Exception <a 'java/lang/ClassNotFoundException'{0x0000000716304bf8}: ToggleButton> (0x0000000716304bf8) 
thrown [s\open\src\hotspot\share\classfile\systemDictionary.cpp, line 313]
Event: 0.214 Thread 0x000002446eecf220 Exception <a 'java/lang/ClassNotFoundException'{0x0000000716305038}: javax/swing/JToolBarSeparator> (0x0000000716305038) 
thrown [s\open\src\hotspot\share\classfile\systemDictionary.cpp, line 313]
Event: 0.214 Thread 0x000002446eecf220 Exception <a 'java/lang/ClassNotFoundException'{0x0000000716305348}: ToolBarSeparator> (0x0000000716305348) 
thrown [s\open\src\hotspot\share\classfile\systemDictionary.cpp, line 313]
Event: 0.214 Thread 0x000002446eecf220 Exception <a 'java/lang/ClassNotFoundException'{0x0000000716305860}: ToolTip> (0x0000000716305860) 
thrown [s\open\src\hotspot\share\classfile\systemDictionary.cpp, line 313]
Event: 0.215 Thread 0x000002446eecf220 Exception <a 'java/lang/ClassNotFoundException'{0x00000007163061b0}: Tree> (0x00000007163061b0) 
thrown [s\open\src\hotspot\share\classfile\systemDictionary.cpp, line 313]
Event: 0.215 Thread 0x000002446eecf220 Exception <a 'java/lang/ClassNotFoundException'{0x00000007163066a8}: Tree> (0x00000007163066a8) 
thrown [s\open\src\hotspot\share\classfile\systemDictionary.cpp, line 313]
Event: 0.215 Thread 0x000002446eecf220 Exception <a 'java/lang/ClassNotFoundException'{0x0000000716306a18}: javax/swing/JTreeCell> (0x0000000716306a18) 
thrown [s\open\src\hotspot\share\classfile\systemDictionary.cpp, line 313]
Event: 0.215 Thread 0x000002446eecf220 Exception <a 'java/lang/ClassNotFoundException'{0x0000000716306d20}: TreeCell> (0x0000000716306d20) 
thrown [s\open\src\hotspot\share\classfile\systemDictionary.cpp, line 313]
Event: 0.215 Thread 0x000002446eecf220 Exception <a 'java/lang/ClassNotFoundException'{0x00000007163074d8}: RootPane> (0x00000007163074d8) 
thrown [s\open\src\hotspot\share\classfile\systemDictionary.cpp, line 313]
Event: 0.217 Thread 0x000002446eecf220 Exception <a 'java/lang/ClassNotFoundException'{0x000000071630a338}: com/sun/swing/internal/plaf/metal/resources/spi/metalProvider> (0x000000071630a338) 
thrown [s\open\src\hotspot\share\classfile\systemDictionary.cpp, line 313]
Event: 0.217 Thread 0x000002446eecf220 Exception <a 'java/lang/ClassNotFoundException'{0x000000071630e048}: com/sun/swing/internal/plaf/basic/resources/spi/basicProvider> (0x000000071630e048) 
thrown [s\open\src\hotspot\share\classfile\systemDictionary.cpp, line 313]

VM Operations (4 events):
Event: 0.055 Executing VM operation: HandshakeAllThreads (Deoptimize)
Event: 0.055 Executing VM operation: HandshakeAllThreads (Deoptimize) done
Event: 0.121 Executing VM operation: HandshakeAllThreads (Deoptimize)
Event: 0.121 Executing VM operation: HandshakeAllThreads (Deoptimize) done

Memory protections (0 events):
No events

Nmethod flushes (0 events):
No events

Events (17 events):
Event: 0.019 Thread 0x000002446eecf220 Thread added: 0x000002446eecf220
Event: 0.029 Thread 0x000002446eecf220 Thread added: 0x00000244112e04c0
Event: 0.029 Thread 0x000002446eecf220 Thread added: 0x00000244112e13e0
Event: 0.029 Thread 0x000002446eecf220 Thread added: 0x00000244112e42f0
Event: 0.029 Thread 0x000002446eecf220 Thread added: 0x00000244112e6fc0
Event: 0.029 Thread 0x000002446eecf220 Thread added: 0x00000244112e7fd0
Event: 0.029 Thread 0x000002446eecf220 Thread added: 0x00000244112eaa40
Event: 0.029 Thread 0x000002446eecf220 Thread added: 0x00000244112f3910
Event: 0.029 Thread 0x000002446eecf220 Thread added: 0x00000244112f8fe0
Event: 0.043 Thread 0x000002446eecf220 Thread added: 0x0000024411417190
Event: 0.048 Thread 0x00000244112f8fe0 Thread added: 0x000002441141c4b0
Event: 0.048 Thread 0x00000244112f8fe0 Thread added: 0x000002441141b040
Event: 0.059 Thread 0x00000244112f8fe0 Thread added: 0x000002441141cb80
Event: 0.065 Thread 0x000002446eecf220 Thread added: 0x0000024411550770
Event: 0.141 Thread 0x000002446eecf220 Thread added: 0x00000244116a6f60
Event: 0.142 Thread 0x000002446eecf220 Thread added: 0x00000244116a8e30
Event: 0.144 Thread 0x000002446eecf220 Thread added: 0x00000244116ada80


Dynamic libraries:
0x00007ff7d6680000 - 0x00007ff7d6690000 	C:\Program Files\Java\jdk-23\bin\java.exe
0x00007ffd6be50000 - 0x00007ffd6c067000 	C:\WINDOWS\SYSTEM32\ntdll.dll
0x00007ffd6a540000 - 0x00007ffd6a604000 	C:\WINDOWS\System32\KERNEL32.DLL
0x00007ffd692f0000 - 0x00007ffd696aa000 	C:\WINDOWS\System32\KERNELBASE.dll
0x00007ffd69960000 - 0x00007ffd69a71000 	C:\WINDOWS\System32\ucrtbase.dll
0x00007ffd425d0000 - 0x00007ffd425e7000 	C:\Program Files\Java\jdk-23\bin\jli.dll
0x00007ffd3fad0000 - 0x00007ffd3faeb000 	C:\Program Files\Java\jdk-23\bin\VCRUNTIME140.dll
0x00007ffd6bac0000 - 0x00007ffd6bc6e000 	C:\WINDOWS\System32\USER32.dll
0x00007ffd51420000 - 0x00007ffd516b2000 	C:\WINDOWS\WinSxS\amd64_microsoft.windows.common-controls_6595b64144ccf1df_6.0.22621.4541_none_2710d1c57384c085\COMCTL32.dll
0x00007ffd6a640000 - 0x00007ffd6a6e7000 	C:\WINDOWS\System32\msvcrt.dll
0x00007ffd69b20000 - 0x00007ffd69b46000 	C:\WINDOWS\System32\win32u.dll
0x00007ffd6a610000 - 0x00007ffd6a639000 	C:\WINDOWS\System32\GDI32.dll
0x00007ffd691a0000 - 0x00007ffd692bb000 	C:\WINDOWS\System32\gdi32full.dll
0x00007ffd69a80000 - 0x00007ffd69b1a000 	C:\WINDOWS\System32\msvcp_win.dll
0x00007ffd6a930000 - 0x00007ffd6a961000 	C:\WINDOWS\System32\IMM32.DLL
0x00007ffd614f0000 - 0x00007ffd614fc000 	C:\Program Files\Java\jdk-23\bin\vcruntime140_1.dll
0x00007ffd2c0d0000 - 0x00007ffd2c15e000 	C:\Program Files\Java\jdk-23\bin\msvcp140.dll
0x00007ffcc39b0000 - 0x00007ffcc46ff000 	C:\Program Files\Java\jdk-23\bin\server\jvm.dll
0x00007ffd6bd40000 - 0x00007ffd6bdf2000 	C:\WINDOWS\System32\ADVAPI32.dll
0x00007ffd6a3e0000 - 0x00007ffd6a487000 	C:\WINDOWS\System32\sechost.dll
0x00007ffd692c0000 - 0x00007ffd692e8000 	C:\WINDOWS\System32\bcrypt.dll
0x00007ffd6adf0000 - 0x00007ffd6af04000 	C:\WINDOWS\System32\RPCRT4.dll
0x00007ffd6a490000 - 0x00007ffd6a501000 	C:\WINDOWS\System32\WS2_32.dll
0x00007ffd68ff0000 - 0x00007ffd6903d000 	C:\WINDOWS\SYSTEM32\POWRPROF.dll
0x00007ffd518f0000 - 0x00007ffd518fa000 	C:\WINDOWS\SYSTEM32\VERSION.dll
0x00007ffd5ea40000 - 0x00007ffd5ea74000 	C:\WINDOWS\SYSTEM32\WINMM.dll
0x00007ffd68fd0000 - 0x00007ffd68fe3000 	C:\WINDOWS\SYSTEM32\UMPDC.dll
0x00007ffd68160000 - 0x00007ffd68178000 	C:\WINDOWS\SYSTEM32\kernel.appcore.dll
0x00007ffd60aa0000 - 0x00007ffd60aaa000 	C:\Program Files\Java\jdk-23\bin\jimage.dll
0x00007ffd66530000 - 0x00007ffd66762000 	C:\WINDOWS\SYSTEM32\DBGHELP.DLL
0x00007ffd69b50000 - 0x00007ffd69edf000 	C:\WINDOWS\System32\combase.dll
0x00007ffd6a1f0000 - 0x00007ffd6a2c7000 	C:\WINDOWS\System32\OLEAUT32.dll
0x00007ffd3a010000 - 0x00007ffd3a042000 	C:\WINDOWS\SYSTEM32\dbgcore.DLL
0x00007ffd69120000 - 0x00007ffd6919b000 	C:\WINDOWS\System32\bcryptPrimitives.dll
0x00007ffd3a380000 - 0x00007ffd3a39e000 	C:\Program Files\Java\jdk-23\bin\java.dll
0x00007ffd6b910000 - 0x00007ffd6bab5000 	C:\WINDOWS\System32\ole32.dll
0x00007ffd6af20000 - 0x00007ffd6b798000 	C:\WINDOWS\System32\SHELL32.dll
0x00007ffd67060000 - 0x00007ffd67968000 	C:\WINDOWS\SYSTEM32\windows.storage.dll
0x00007ffd66db0000 - 0x00007ffd66eef000 	C:\WINDOWS\SYSTEM32\wintypes.dll
0x00007ffd6a2d0000 - 0x00007ffd6a3ca000 	C:\WINDOWS\System32\SHCORE.dll
0x00007ffd6bc70000 - 0x00007ffd6bcce000 	C:\WINDOWS\System32\shlwapi.dll
0x00007ffd69050000 - 0x00007ffd6907b000 	C:\WINDOWS\SYSTEM32\profapi.dll
0x00007ffd27350000 - 0x00007ffd27427000 	C:\Program Files\Java\jdk-23\bin\jsvml.dll
0x00007ffd53300000 - 0x00007ffd53310000 	C:\Program Files\Java\jdk-23\bin\net.dll
0x00007ffd685e0000 - 0x00007ffd68649000 	C:\WINDOWS\system32\mswsock.dll
0x00007ffd37780000 - 0x00007ffd37796000 	C:\Program Files\Java\jdk-23\bin\nio.dll
0x00007ffd36870000 - 0x00007ffd36887000 	C:\Program Files\Java\jdk-23\bin\zip.dll
0x00007ffcfd7e0000 - 0x00007ffcfd96e000 	C:\Program Files\Java\jdk-23\bin\awt.dll
0x00007ffd617b0000 - 0x00007ffd61847000 	C:\WINDOWS\SYSTEM32\apphelp.dll
0x00007ffd661f0000 - 0x00007ffd662a1000 	C:\WINDOWS\system32\uxtheme.dll
0x00007ffd6b7a0000 - 0x00007ffd6b901000 	C:\WINDOWS\System32\MSCTF.dll
0x00007ffd66ef0000 - 0x00007ffd66f1b000 	C:\WINDOWS\system32\DWMAPI.DLL
0x00007ffd29980000 - 0x00007ffd29a07000 	C:\Program Files\Java\jdk-23\bin\freetype.dll
0x00007ffd25020000 - 0x00007ffd250f7000 	C:\Program Files\Java\jdk-23\bin\fontmanager.dll

dbghelp: loaded successfully - version: 4.0.5 - missing functions: none
symbol engine: initialized successfully - sym options: 0x614 - pdb path: .;C:\Program Files\Java\jdk-23\bin;C:\WINDOWS\SYSTEM32;C:\WINDOWS\WinSxS\amd64_microsoft.windows.common-controls_6595b64144ccf1df_6.0.22621.4541_none_2710d1c57384c085;C:\Program Files\Java\jdk-23\bin\server

VM Arguments:
jvm_args: -Dfile.encoding=UTF-8 --enable-preview --module-path=D:\SEMESTER 3\PEMROGRAMAN KOMPUTER\campus-computer-programming-kasir\SambatKopi\build\classes 
java_command: main.LoginPage
java_class_path (initial): C:\Program Files\NetBeans-23\netbeans\java\modules\ext\AbsoluteLayout.jar;D:\SEMESTER 3\PEMROGRAMAN KOMPUTER\campus-computer-programming-kasir\SambatKopi\mylib\mysql-connector-j-9.0.0;D:\SEMESTER 3\PEMROGRAMAN KOMPUTER\campus-computer-programming-kasir\SambatKopi\mylib\mysql-connector-j-9.0.0\mysql-connector-j-9.0.0.jar;D:\SEMESTER 3\PEMROGRAMAN KOMPUTER\campus-computer-programming-kasir\SambatKopi\mylib\jfreechart\jfreechart-1.5.5.jar;D:\SEMESTER 3\PEMROGRAMAN KOMPUTER\jcalendar-1.4.jar;D:\SEMESTER 3\PEMROGRAMAN KOMPUTER\campus-computer-programming-kasir\SambatKopi\build\classes
Launcher Type: SUN_STANDARD

[Global flags]
     intx CICompilerCount                          = 12                                        {product} {ergonomic}
     uint ConcGCThreads                            = 4                                         {product} {ergonomic}
     uint G1ConcRefinementThreads                  = 14                                        {product} {ergonomic}
   size_t G1HeapRegionSize                         = 2097152                                   {product} {ergonomic}
   size_t InitialHeapSize                          = 262144000                                 {product} {ergonomic}
   size_t MarkStackSize                            = 4194304                                   {product} {ergonomic}
   size_t MarkStackSizeMax                         = 536870912                                 {product} {ergonomic}
   size_t MaxHeapSize                              = 4177526784                                {product} {ergonomic}
   size_t MaxNewSize                               = 2506096640                                {product} {ergonomic}
   size_t MinHeapDeltaBytes                        = 2097152                                   {product} {ergonomic}
   size_t MinHeapSize                              = 8388608                                   {product} {ergonomic}
    uintx NonNMethodCodeHeapSize                   = 7602176                                {pd product} {ergonomic}
    uintx NonProfiledCodeHeapSize                  = 122093568                              {pd product} {ergonomic}
    uintx ProfiledCodeHeapSize                     = 121962496                              {pd product} {ergonomic}
    uintx ReservedCodeCacheSize                    = 251658240                              {pd product} {ergonomic}
     bool SegmentedCodeCache                       = true                                      {product} {ergonomic}
   size_t SoftMaxHeapSize                          = 4177526784                             {manageable} {ergonomic}
     bool UseCompressedOops                        = true                           {product lp64_product} {ergonomic}
     bool UseG1GC                                  = true                                      {product} {ergonomic}
     bool UseLargePagesIndividualAllocation        = false                                  {pd product} {ergonomic}

Logging:
Log output configuration:
 #0: stdout all=warning uptime,level,tags foldmultilines=false
 #1: stderr all=off uptime,level,tags foldmultilines=false

Environment Variables:
PATH=C:\Program Files\Common Files\Oracle\Java\javapath;C:\WINDOWS\system32;C:\WINDOWS;C:\WINDOWS\System32\Wbem;C:\WINDOWS\System32\WindowsPowerShell\v1.0\;C:\WINDOWS\System32\OpenSSH\;C:\Program Files\dotnet\;C:\Program Files\Git\cmd;D:\dart-sdk\bin;C:\Users\ADVAN\AppData\Local\Programs\Python\Python313\Scripts\;C:\Users\ADVAN\AppData\Local\Programs\Python\Python313\;C:\Users\ADVAN\AppData\Local\Programs\Python\Launcher\;C:\Users\ADVAN\AppData\Local\Microsoft\WindowsApps;C:\Users\ADVAN\AppData\Local\Programs\Microsoft VS Code\bin;C:\Users\ADVAN\Downloads\flutter_windows_3.24.3-stable\flutter\bin;C:\Users\ADVAN\.dotnet\tools;C:\Users\ADVAN\AppData\Local\spicetify;C:\Users\ADVAN\AppData\Local\GitHubDesktop\bin;C:\Users\ADVAN\.dotnet\tools
USERNAME=ADVAN
OS=Windows_NT
PROCESSOR_IDENTIFIER=Intel64 Family 6 Model 170 Stepping 4, GenuineIntel
TMP=C:\Users\ADVAN\AppData\Local\Temp
TEMP=C:\Users\ADVAN\AppData\Local\Temp




Periodic native trim disabled

---------------  S Y S T E M  ---------------

OS:
 Windows 11 , 64 bit Build 22621 (10.0.22621.4391)
OS uptime: 12 days 16:33 hours

CPU: total 18 (initial active 18) (9 cores per cpu, 2 threads per core) family 6 model 170 stepping 4 microcode 0x1e, cx8, cmov, fxsr, ht, mmx, 3dnowpref, sse, sse2, sse3, ssse3, sse4.1, sse4.2, popcnt, lzcnt, tsc, tscinvbit, avx, avx2, aes, erms, clmul, bmi1, bmi2, adx, sha, fma, vzeroupper, clflush, clflushopt, clwb, serialize, rdtscp, rdpid, fsrm, gfni, f16c, pku, cet_ibt, cet_ss
Processor Information for processor 0
  Max Mhz: 1200, Current Mhz: 1200, Mhz Limit: 1200
Processor Information for processor 1
  Max Mhz: 1200, Current Mhz: 1200, Mhz Limit: 1200
Processor Information for processor 2
  Max Mhz: 3600, Current Mhz: 700, Mhz Limit: 684
Processor Information for processor 3
  Max Mhz: 3600, Current Mhz: 700, Mhz Limit: 684
Processor Information for processor 4
  Max Mhz: 3600, Current Mhz: 700, Mhz Limit: 684
Processor Information for processor 5
  Max Mhz: 3600, Current Mhz: 700, Mhz Limit: 684
Processor Information for processor 6
  Max Mhz: 3600, Current Mhz: 700, Mhz Limit: 684
Processor Information for processor 7
  Max Mhz: 3600, Current Mhz: 700, Mhz Limit: 684
Processor Information for processor 8
  Max Mhz: 3600, Current Mhz: 700, Mhz Limit: 684
Processor Information for processor 9
  Max Mhz: 3600, Current Mhz: 700, Mhz Limit: 684
Processor Information for processor 10
  Max Mhz: 1200, Current Mhz: 1200, Mhz Limit: 1200
Processor Information for processor 11
  Max Mhz: 1200, Current Mhz: 1200, Mhz Limit: 1200
Processor Information for processor 12
  Max Mhz: 1200, Current Mhz: 1200, Mhz Limit: 1200
Processor Information for processor 13
  Max Mhz: 1200, Current Mhz: 1200, Mhz Limit: 1200
Processor Information for processor 14
  Max Mhz: 1200, Current Mhz: 1200, Mhz Limit: 1200
Processor Information for processor 15
  Max Mhz: 1200, Current Mhz: 1200, Mhz Limit: 1200
Processor Information for processor 16
  Max Mhz: 2500, Current Mhz: 700, Mhz Limit: 700
Processor Information for processor 17
  Max Mhz: 2500, Current Mhz: 700, Mhz Limit: 700

Memory: 4k page, system-wide physical 15931M (553M free)
TotalPageFile size 35131M (AvailPageFile size 12M)
current process WorkingSet (physical memory assigned to process): 55M, peak: 55M
current process commit charge ("private bytes"): 357M, peak: 404M

vm_info: Java HotSpot(TM) 64-Bit Server VM (23.0.1+11-39) for windows-amd64 JRE (23.0.1+11-39), built on 2024-09-30T07:20:43Z with MS VC++ 17.6 (VS2022)

END.
